[2019-12-13T09:20:19.646] [INFO] default - --------------------------- 开始编译 ---------------------------
[2019-12-13T09:20:19.649] [INFO] default - 程序运行目录: D:\work\国际十大新闻
[2019-12-13T09:20:19.649] [INFO] default - 首次启动!
[2019-12-13T09:20:19.649] [INFO] default - 生成版本号: 3a3xahl3xh9
[2019-12-13T09:20:19.655] [INFO] default - 清理资源文件夹: D:\work\国际十大新闻\dist\static
[2019-12-13T09:20:19.656] [INFO] default - 文件夹不存在: D:\work\国际十大新闻\dist\static
[2019-12-13T09:20:19.656] [INFO] default - 创建文件夹: D:\work\国际十大新闻\dist\static
[2019-12-13T09:20:19.656] [INFO] default - 读取模板文件: C:\Users\PG\Documents\GitHub\PG\lib\index.html
[2019-12-13T09:20:19.656] [DEBUG] default - 读取网页标题: {TAG_14226_TAG}
[2019-12-13T09:20:19.656] [DEBUG] default - 处理页面源信息: [{"http-equiv":"content-type","content":"text/html; charset=UTF-8"},{"name":"viewport","content":"width=1200, user-scalable=no"},{"name":"format-detection","content":"telephone=no, email=no"},{"name":"apple-mobile-web-app-capable","content":"yes"},{"name":"apple-mobile-web-app-status-bar-style","content":"white"},{"name":"renderer","content":"webkit"},{"http-equiv":"X-UA-Compatible","content":"IE=edge,chrome=1"},{"name":"filetype","content":"1"},{"name":"publishedtype","content":"1"},{"name":"pagetype","content":"2"},{"name":"screen-orientation","content":"landscape"},{"name":"x5-orientation","content":"landscape"},{"name":"full-screen","content":"yes"},{"name":"x5-fullscreen","content":"true"},{"name":"browsermode","content":"application"},{"name":"x5-page-mode","content":"app"}]
[2019-12-13T09:20:19.657] [INFO] default - 开始处理模块: home
[2019-12-13T09:20:20.139] [INFO] default - 开始处理模块: card
[2019-12-13T09:20:20.152] [DEBUG] default - 缓存模板: card./src/module/card.owo
[2019-12-13T09:20:20.199] [DEBUG] default - 模块card处理用时: 61 毫秒!
[2019-12-13T09:20:20.200] [DEBUG] default - 模块 card 因名称重复被重命名为 card-1
[2019-12-13T09:20:20.200] [INFO] default - 开始处理模块: card-1
[2019-12-13T09:20:20.200] [DEBUG] default - 使用缓存返回模板: card-1
[2019-12-13T09:20:20.201] [DEBUG] default - 模块card处理用时: 2 毫秒!
[2019-12-13T09:20:20.201] [DEBUG] default - 模块 card 因名称重复被重命名为 card-2
[2019-12-13T09:20:20.202] [INFO] default - 开始处理模块: card-2
[2019-12-13T09:20:20.202] [DEBUG] default - 使用缓存返回模板: card-2
[2019-12-13T09:20:20.203] [DEBUG] default - 模块card处理用时: 2 毫秒!
[2019-12-13T09:20:20.203] [DEBUG] default - 模块 card 因名称重复被重命名为 card-3
[2019-12-13T09:20:20.203] [INFO] default - 开始处理模块: card-3
[2019-12-13T09:20:20.203] [DEBUG] default - 使用缓存返回模板: card-3
[2019-12-13T09:20:20.205] [DEBUG] default - 模块card处理用时: 2 毫秒!
[2019-12-13T09:20:20.205] [DEBUG] default - 模块 card 因名称重复被重命名为 card-4
[2019-12-13T09:20:20.205] [INFO] default - 开始处理模块: card-4
[2019-12-13T09:20:20.205] [DEBUG] default - 使用缓存返回模板: card-4
[2019-12-13T09:20:20.210] [DEBUG] default - 模块card处理用时: 5 毫秒!
[2019-12-13T09:20:20.210] [DEBUG] default - 模块 card 因名称重复被重命名为 card-5
[2019-12-13T09:20:20.210] [INFO] default - 开始处理模块: card-5
[2019-12-13T09:20:20.210] [DEBUG] default - 使用缓存返回模板: card-5
[2019-12-13T09:20:20.211] [DEBUG] default - 模块card处理用时: 1 毫秒!
[2019-12-13T09:20:20.211] [DEBUG] default - 模块 card 因名称重复被重命名为 card-6
[2019-12-13T09:20:20.211] [INFO] default - 开始处理模块: card-6
[2019-12-13T09:20:20.211] [DEBUG] default - 使用缓存返回模板: card-6
[2019-12-13T09:20:20.213] [DEBUG] default - 模块card处理用时: 2 毫秒!
[2019-12-13T09:20:20.213] [DEBUG] default - 模块 card 因名称重复被重命名为 card-7
[2019-12-13T09:20:20.213] [INFO] default - 开始处理模块: card-7
[2019-12-13T09:20:20.213] [DEBUG] default - 使用缓存返回模板: card-7
[2019-12-13T09:20:20.215] [DEBUG] default - 模块card处理用时: 2 毫秒!
[2019-12-13T09:20:20.215] [DEBUG] default - 模块 card 因名称重复被重命名为 card-8
[2019-12-13T09:20:20.215] [INFO] default - 开始处理模块: card-8
[2019-12-13T09:20:20.215] [DEBUG] default - 使用缓存返回模板: card-8
[2019-12-13T09:20:20.216] [DEBUG] default - 模块card处理用时: 1 毫秒!
[2019-12-13T09:20:20.216] [DEBUG] default - 模块 card 因名称重复被重命名为 card-9
[2019-12-13T09:20:20.216] [INFO] default - 开始处理模块: card-9
[2019-12-13T09:20:20.216] [DEBUG] default - 使用缓存返回模板: card-9
[2019-12-13T09:20:20.217] [DEBUG] default - 模块card处理用时: 1 毫秒!
[2019-12-13T09:20:20.218] [INFO] default - 开始处理模块: copyright
[2019-12-13T09:20:20.218] [DEBUG] default - 使用文件缓存:D:\work\国际十大新闻\owo_modules\f1c755dc9b1876462957d8e1ee0904a9.owo
[2019-12-13T09:20:20.222] [DEBUG] default - 缓存模板: copyrighthttps://owo.ink/public/af7930a60027587a63d8e526744f4ebc.page
[2019-12-13T09:20:20.223] [DEBUG] default - 模块copyright处理用时: 6 毫秒!
[2019-12-13T09:20:20.225] [DEBUG] default - 缓存模板: home./src/page/home.owo
[2019-12-13T09:20:20.232] [DEBUG] default - 页面home处理用时: 575 毫秒!
[2019-12-13T09:20:20.233] [INFO] default - 文件夹不存在: D:/work/国际十大新闻/dist/static/resource
[2019-12-13T09:20:20.234] [INFO] default - 创建文件夹: D:/work/国际十大新闻/dist/static/resource
[2019-12-13T09:20:20.235] [DEBUG] default - 处理资源:  [ 'D:/work/国际十大新闻/src/resource/box.png' ]
[2019-12-13T09:20:20.235] [DEBUG] default - 资源目录:  D:/work/国际十大新闻/dist/static/resource
[2019-12-13T09:20:20.237] [DEBUG] default - css中的资源处理完毕!
[2019-12-13T09:20:21.127] [DEBUG] default - 使用postcss处理样式，使用了1个插件!
[2019-12-13T09:20:21.166] [INFO] default - 文件夹不存在: D:\work\国际十大新闻\dist\static\css
[2019-12-13T09:20:21.166] [INFO] default - 创建文件夹: D:\work\国际十大新闻\dist\static\css
[2019-12-13T09:20:21.166] [INFO] default - 开始处理附属css中的资源
[2019-12-13T09:20:21.166] [INFO] default - 附属css中的资源处理完毕!
[2019-12-13T09:20:21.166] [INFO] default - 处理字体: {}
[2019-12-13T09:20:21.171] [INFO] default - 使用postcss处理完毕! 用时: 44 毫秒
[2019-12-13T09:20:21.171] [INFO] default - 判断css中的外链情况!
[2019-12-13T09:20:21.171] [DEBUG] default - 发现外链列表: "../resource/box.png"
[2019-12-13T09:20:21.172] [INFO] default - 正在处理script!
[2019-12-13T09:20:21.817] [INFO] default - 工程中只有一个页面!
[2019-12-13T09:20:21.818] [INFO] default - js中的资源处理完毕!
[2019-12-13T09:20:21.819] [DEBUG] default - 处理引用脚本: [{"name":"jquery1.11.0","src":"http://tools.people.com.cn/libs/jquery/1.11.1/jquery-1.11.1.min.js"},{"name":"idangerous.swiper2.7.0","src":"http://tools.people.com.cn/libs/swiper/2.0/idangerous.swiper.min.js"},{"name":"main","src":"./src/main.js","resource":true}]
[2019-12-13T09:20:21.819] [DEBUG] default - 外部脚本数量: 3
[2019-12-13T09:20:21.819] [DEBUG] default - 处理脚本: jquery1.11.0
[2019-12-13T09:20:21.819] [DEBUG] default - 网络脚本: jquery1.11.0
[2019-12-13T09:20:21.819] [DEBUG] default - 处理脚本: idangerous.swiper2.7.0
[2019-12-13T09:20:21.819] [DEBUG] default - 网络脚本: idangerous.swiper2.7.0
[2019-12-13T09:20:21.819] [DEBUG] default - 处理脚本: main
[2019-12-13T09:20:21.819] [INFO] default - 读取文件: D:\work\国际十大新闻\src\main.js
[2019-12-13T09:20:21.820] [DEBUG] default - 输出scriptData
[2019-12-13T09:20:21.821] [DEBUG] default - 准备输出html!
[2019-12-13T09:20:21.822] [DEBUG] default - 处理资源:  [ 'D:/work/国际十大新闻/src/resource/bg.jpg' ]
[2019-12-13T09:20:21.822] [DEBUG] default - 资源目录:  D:/work/国际十大新闻/dist/static/resource
[2019-12-13T09:20:21.822] [DEBUG] default - 开始美化html
[2019-12-13T09:20:21.858] [INFO] default - 判断html中的外链情况!
[2019-12-13T09:20:21.858] [DEBUG] default - 发现外链列表: ./static/css/owo.main.3a3xahl3xh9.css,./static/css/main.css,http://tools.people.com.cn/libs/swiper/2.0/idangerous.swiper.css,./static/resource/bg.jpg,http://www.people.com.cn/NMediaFile/2019/1212/MAIN201912121408390035334083279.jpg,http://www.people.com.cn/NMediaFile/2019/1212/MAIN201912121408390035334083279.jpg,http://www.people.com.cn/NMediaFile/2019/1212/MAIN201912121408390035334083279.jpg,http://www.people.com.cn/NMediaFile/2019/1212/MAIN201912121408390035334083279.jpg,http://www.people.com.cn/NMediaFile/2019/1212/MAIN201912121408390035334083279.jpg,http://www.people.com.cn/NMediaFile/2019/1212/MAIN201912121408390035334083279.jpg,http://www.people.com.cn/NMediaFile/2019/1212/MAIN201912121408390035334083279.jpg,http://www.people.com.cn/NMediaFile/2019/1212/MAIN201912121408390035334083279.jpg,http://www.people.com.cn/NMediaFile/2019/1212/MAIN201912121408390035334083279.jpg,http://www.people.com.cn/NMediaFile/2019/1212/MAIN201912121408390035334083279.jpg,http://tv.people.com.cn/img/MAIN/2018/04/118224/images/icon01.gif,http://tv.people.com.cn/img/MAIN/2018/04/118224/images/icon02.gif,http://tools.people.com.cn/libs/jquery/1.11.1/jquery-1.11.1.min.js,http://tools.people.com.cn/libs/swiper/2.0/idangerous.swiper.min.js,./static/js/main.js,./static/js/owo.main.3a3xahl3xh9.js
[2019-12-13T09:20:21.859] [INFO] default - 显示外链情况!
[2019-12-13T09:20:21.871] [INFO] default - 文件夹不存在: D:\work\国际十大新闻\dist\static\js
[2019-12-13T09:20:21.871] [INFO] default - 创建文件夹: D:\work\国际十大新闻\dist\static\js
[2019-12-13T09:20:21.871] [DEBUG] default - 页面中不包含切换动画!
[2019-12-13T09:20:21.872] [INFO] default - 编译结束!
[2019-12-13T09:20:21.885] [INFO] default - 写入文件: D:\work\国际十大新闻\dist\static\css\owo.main.3a3xahl3xh9.css
[2019-12-13T09:20:21.885] [INFO] default - 主要逻辑文件写出成功!
[2019-12-13T09:20:21.885] [INFO] default - 读取成功: D:\work\国际十大新闻\src\main.css
[2019-12-13T09:20:21.885] [INFO] default - 读取成功: D:\work\国际十大新闻\src\main.js
[2019-12-13T09:20:21.936] [INFO] default - 写入文件: D:\work\国际十大新闻\dist\static\css\main.css
[2019-12-13T09:20:21.937] [INFO] default - 写入文件: D:\work\国际十大新闻\dist\static\js\main.js
